<?xml version="1.0" encoding="UTF-8" ?>
<testsuite failures="0" time="0.172" errors="0" skipped="11" tests="11" name="net.flitech.faregate.dao.FareRuleDAOImplUnitTest">
  <properties>
[...]
</properties>
  <testcase time="0" classname="net.flitech.faregate.dao.FareRuleDAOImplUnitTest" name="testThrowsIllegalArgumentExceptionFindingRulesBy_AirlineOnly">
    <skipped/>
  </testcase>
  <testcase time="0" classname="net.flitech.faregate.dao.FareRuleDAOImplUnitTest" name="testThrowsIllegalArgumentExceptionFindingRulesBy_TravelDepartureDateOnly">
    <skipped/>
  </testcase>
  <testcase time="0" classname="net.flitech.faregate.dao.FareRuleDAOImplUnitTest" name="testSucceedsFindingRulesBy_Airline_DepartureDate27July">
    <skipped/>
  </testcase>
  <testcase time="0" classname="net.flitech.faregate.dao.FareRuleDAOImplUnitTest" name="testSucceedsFindingRulesBy_Airline_DepartureDate27July_FareBasisCode">
    <skipped/>
  </testcase>
  <testcase time="0" classname="net.flitech.faregate.dao.FareRuleDAOImplUnitTest" name="testSucceedsFindingRulesBy_Airline_DepartureDate27July_FareBasisCode_ClassCode">
    <skipped/>
  </testcase>
  <testcase time="0" classname="net.flitech.faregate.dao.FareRuleDAOImplUnitTest" name="testSucceedsFindingRulesBy_Airline_DepartureDate28July_FareBasisCode">
    <skipped/>
  </testcase>
  <testcase time="0" classname="net.flitech.faregate.dao.FareRuleDAOImplUnitTest" name="testSucceedsFindingRulesBy_Airline_DepartureDate3August_FareBasisCode">
    <skipped/>
  </testcase>
  <testcase time="0" classname="net.flitech.faregate.dao.FareRuleDAOImplUnitTest" name="testSucceedsFindingRulesBy_Airline_DepartureDate27July_ClassCode">
    <skipped/>
  </testcase>
  <testcase time="0" classname="net.flitech.faregate.dao.FareRuleDAOImplUnitTest" name="testSucceedsFindingNoRulesBy_InvalidAirline">
    <skipped/>
  </testcase>
  <testcase time="0" classname="net.flitech.faregate.dao.FareRuleDAOImplUnitTest" name="testSucceedsFindingNoRulesBy_InvalidFareBasisCode">
    <skipped/>
  </testcase>
  <testcase time="0" classname="net.flitech.faregate.dao.FareRuleDAOImplUnitTest" name="testSucceedsFindingNoRulesBy_InvalidClassCode">
    <skipped/>
  </testcase>
</testsuite>